<?xml version="1.0" encoding="UTF-8"?>
<testsuite name="DemoqaTest" tests="1" skipped="0" failures="0" errors="0" timestamp="2023-10-29T14:02:10" hostname="MacBook-Pro-Aleksej.local" time="3.539">
  <properties/>
  <testcase name="successfulSearchTest()" classname="DemoqaTest" time="3.539"/>
  <system-out><![CDATA[]]></system-out>
  <system-err><![CDATA[[Test worker] INFO com.codeborne.selenide.impl.WebDriverThreadLocalContainer - No webdriver is bound to current thread: 1 - let's create a new webdriver
[Test worker] INFO com.codeborne.selenide.impl.FileHelper - Creating folder: /Users/puza/IdeaProjects/qa_guru_23_demoqaTest/build/downloads/1698588130032_14738_1
[Test worker] INFO com.codeborne.selenide.webdriver.SelenideNettyClientFactory - Changed readTimeout from PT3M to PT1M30S
[Test worker] INFO com.codeborne.selenide.webdriver.SelenideNettyClientFactory - Changed readTimeout from PT3M to PT1M30S
окт. 29, 2023 5:02:11 PM org.openqa.selenium.devtools.CdpVersionFinder findNearestMatch
WARNING: Unable to find an exact match for CDP version 118, so returning the closest version found: 117
[Test worker] INFO com.codeborne.selenide.webdriver.WebDriverFactory - BrowserName=chrome Version=118.0.5993.117 Platform=mac
[Test worker] INFO com.codeborne.selenide.webdriver.WebDriverFactory - Selenide v. 6.19.1
[Test worker] INFO com.codeborne.selenide.webdriver.WebDriverFactory - Selenium WebDriver v. 4.13.0 build revision: ba948ece5b*
[Test worker] INFO com.codeborne.selenide.drivercommands.CreateDriverCommand - Created webdriver in thread 1: ChromeDriver -> ChromeDriver: chrome on mac (db078433d2d59933b95b82c98b993892)
[Test worker] INFO com.codeborne.selenide.drivercommands.DisposablesRegistry - Register WebDriverInstance[config=StaticConfig,webDriver=ChromeDriver: chrome on mac (db078433d2d59933b95b82c98b993892),proxy=null,downloadsFolder=/Users/puza/IdeaProjects/qa_guru_23_demoqaTest/build/downloads/1698588130032_14738_1] in 1 [size=1]
[Test worker] INFO com.codeborne.selenide.drivercommands.DisposablesRegistry - Add shutdown hook in 1 [size=1]
]]></system-err>
</testsuite>
